[11:16:54:205] [INFO] - org.apache.commons.logging.impl.Jdk14Logger.log(Jdk14Logger.java:99) - Refreshing org.springframework.context.annotation.AnnotationConfigApplicationContext@194bcebf: startup date [Wed Dec 16 11:16:54 CST 2020]; root of context hierarchy
[11:16:54:564] [INFO] - org.apache.commons.logging.impl.Jdk14Logger.log(Jdk14Logger.java:99) - Bean 'configurationPropertiesRebinderAutoConfiguration' of type [org.springframework.cloud.autoconfigure.ConfigurationPropertiesRebinderAutoConfiguration$$EnhancerBySpringCGLIB$$ca035577] is not eligible for getting processed by all BeanPostProcessors (for example: not eligible for auto-proxying)
[11:16:55:717] [INFO] - org.apache.commons.logging.impl.Jdk14Logger.log(Jdk14Logger.java:99) - No active profile set, falling back to default profiles: default
[11:16:55:754] [INFO] - org.apache.commons.logging.impl.Jdk14Logger.log(Jdk14Logger.java:99) - Refreshing org.springframework.boot.web.servlet.context.AnnotationConfigServletWebServerApplicationContext@4c5474f5: startup date [Wed Dec 16 11:16:55 CST 2020]; parent: org.springframework.context.annotation.AnnotationConfigApplicationContext@194bcebf
[11:16:56:693] [INFO] - org.apache.commons.logging.impl.Jdk14Logger.log(Jdk14Logger.java:99) - Overriding bean definition for bean 'restTemplate' with a different definition: replacing [Root bean: class [null]; scope=; abstract=false; lazyInit=false; autowireMode=3; dependencyCheck=0; autowireCandidate=true; primary=false; factoryBeanName=restClientConfig; factoryMethodName=restTemplate; initMethodName=null; destroyMethodName=(inferred); defined in class path resource [com/prolog/eis/util/RestClientConfig.class]] with [Root bean: class [null]; scope=; abstract=false; lazyInit=false; autowireMode=3; dependencyCheck=0; autowireCandidate=true; primary=false; factoryBeanName=application; factoryMethodName=restTemplate; initMethodName=null; destroyMethodName=(inferred); defined in com.prolog.eis.Application]
[11:16:56:710] [WARN] - org.mybatis.logging.Logger.warn(Logger.java:44) - No MyBatis mapper was found in '[com.prolog.eis.dao]' package. Please check your configuration.
[11:16:56:928] [WARN] - org.mybatis.logging.Logger.warn(Logger.java:44) - No MyBatis mapper was found in '[com.prolog.eis]' package. Please check your configuration.
[11:16:57:371] [INFO] - org.apache.commons.logging.impl.Jdk14Logger.log(Jdk14Logger.java:99) - BeanFactory id=72335f91-8fcb-32e7-8615-6b80b5811e4d
[11:16:57:547] [INFO] - org.apache.commons.logging.impl.Jdk14Logger.log(Jdk14Logger.java:99) - Bean 'org.springframework.amqp.rabbit.annotation.RabbitBootstrapConfiguration' of type [org.springframework.amqp.rabbit.annotation.RabbitBootstrapConfiguration$$EnhancerBySpringCGLIB$$745510a8] is not eligible for getting processed by all BeanPostProcessors (for example: not eligible for auto-proxying)
[11:16:57:586] [INFO] - org.apache.commons.logging.impl.Jdk14Logger.log(Jdk14Logger.java:99) - Bean 'org.springframework.kafka.annotation.KafkaBootstrapConfiguration' of type [org.springframework.kafka.annotation.KafkaBootstrapConfiguration$$EnhancerBySpringCGLIB$$819b63fd] is not eligible for getting processed by all BeanPostProcessors (for example: not eligible for auto-proxying)
[11:16:57:653] [INFO] - org.apache.commons.logging.impl.Jdk14Logger.log(Jdk14Logger.java:99) - Bean 'org.springframework.transaction.annotation.ProxyTransactionManagementConfiguration' of type [org.springframework.transaction.annotation.ProxyTransactionManagementConfiguration$$EnhancerBySpringCGLIB$$ade9527a] is not eligible for getting processed by all BeanPostProcessors (for example: not eligible for auto-proxying)
[11:16:57:715] [INFO] - org.apache.commons.logging.impl.Jdk14Logger.log(Jdk14Logger.java:99) - Bean 'org.springframework.cloud.autoconfigure.ConfigurationPropertiesRebinderAutoConfiguration' of type [org.springframework.cloud.autoconfigure.ConfigurationPropertiesRebinderAutoConfiguration$$EnhancerBySpringCGLIB$$ca035577] is not eligible for getting processed by all BeanPostProcessors (for example: not eligible for auto-proxying)
[11:16:58:349] [INFO] - org.apache.commons.logging.impl.Jdk14Logger.log(Jdk14Logger.java:99) - Tomcat initialized with port(s): 19901 (http)
[11:16:58:374] [INFO] - org.apache.juli.logging.DirectJDKLog.log(DirectJDKLog.java:180) - Initializing ProtocolHandler ["http-nio-19901"]
[11:16:58:394] [INFO] - org.apache.juli.logging.DirectJDKLog.log(DirectJDKLog.java:180) - Starting service [Tomcat]
[11:16:58:395] [INFO] - org.apache.juli.logging.DirectJDKLog.log(DirectJDKLog.java:180) - Starting Servlet Engine: Apache Tomcat/8.5.32
[11:16:58:404] [INFO] - org.apache.juli.logging.DirectJDKLog.log(DirectJDKLog.java:180) - The APR based Apache Tomcat Native library which allows optimal performance in production environments was not found on the java.library.path: [D:\软件\Java\jdk1.8.0_91\bin;C:\WINDOWS\Sun\Java\bin;C:\WINDOWS\system32;C:\WINDOWS;C:\WINDOWS\system32;C:\WINDOWS;C:\WINDOWS\System32\Wbem;C:\WINDOWS\System32\WindowsPowerShell\v1.0\;C:\WINDOWS\System32\OpenSSH\;C:\Program Files\nodejs\;D:\软件\Java\Git\bin;C:\Program Files\dotnet\;C:\Program Files\Microsoft SQL Server\130\Tools\Binn\;C:\Program Files\Microsoft SQL Server\Client SDK\ODBC\170\Tools\Binn\;D:\软件\go\bin;C:\Users\dubux\AppData\Local\Microsoft\WindowsApps;;C:\Users\dubux\AppData\Local\Programs\Microsoft VS Code\bin;C:\Users\dubux\AppData\Roaming\npm;C:\Users\dubux\.dotnet\tools;.]
[11:16:58:729] [INFO] - org.apache.juli.logging.DirectJDKLog.log(DirectJDKLog.java:180) - Initializing Spring embedded WebApplicationContext
[11:16:58:731] [INFO] - org.apache.commons.logging.impl.Jdk14Logger.log(Jdk14Logger.java:99) - Root WebApplicationContext: initialization completed in 2977 ms
[11:16:58:959] [INFO] - org.apache.commons.logging.impl.Jdk14Logger.log(Jdk14Logger.java:99) - Mapping filter: 'characterEncodingFilter' to: [/*]
[11:16:58:960] [INFO] - org.apache.commons.logging.impl.Jdk14Logger.log(Jdk14Logger.java:99) - Mapping filter: 'hiddenHttpMethodFilter' to: [/*]
[11:16:58:960] [INFO] - org.apache.commons.logging.impl.Jdk14Logger.log(Jdk14Logger.java:99) - Mapping filter: 'httpPutFormContentFilter' to: [/*]
[11:16:58:960] [INFO] - org.apache.commons.logging.impl.Jdk14Logger.log(Jdk14Logger.java:99) - Mapping filter: 'requestContextFilter' to: [/*]
[11:16:58:962] [INFO] - org.apache.commons.logging.impl.Jdk14Logger.log(Jdk14Logger.java:99) - Mapping filter: 'springSecurityFilterChain' to: [/*]
[11:16:58:963] [INFO] - org.apache.commons.logging.impl.Jdk14Logger.log(Jdk14Logger.java:99) - Mapping filter: 'methodFilter' to servlets: [springDispatcherServlet]
[11:16:58:964] [INFO] - org.apache.commons.logging.impl.Jdk14Logger.log(Jdk14Logger.java:99) - Mapping filter: 'methodFilter' to urls: [/*]
[11:16:58:964] [INFO] - org.apache.commons.logging.impl.Jdk14Logger.log(Jdk14Logger.java:99) - Mapping filter: 'paramFilter' to servlets: [springDispatcherServlet]
[11:16:58:964] [INFO] - org.apache.commons.logging.impl.Jdk14Logger.log(Jdk14Logger.java:99) - Mapping filter: 'paramFilter' to urls: [/*]
[11:16:58:967] [INFO] - org.apache.commons.logging.impl.Jdk14Logger.log(Jdk14Logger.java:99) - Servlet dispatcherServlet mapped to [/]
[11:16:59:660] [INFO] - org.apache.commons.logging.impl.Jdk14Logger.log(Jdk14Logger.java:99) - Mapped "{[/api/v1/eau/versionUpdate/checkConnect/check],methods=[POST],produces=[text/plain]}" onto public com.prolog.framework.common.message.RestMessage<java.lang.Object> com.prolog.eis.controller.PrologCheckConnectController.queryConnectState() throws java.lang.Exception
[11:16:59:663] [INFO] - org.apache.commons.logging.impl.Jdk14Logger.log(Jdk14Logger.java:99) - Mapped "{[/api/v1/eau/versionUpdate/file/version],methods=[POST],produces=[text/plain]}" onto public java.lang.String com.prolog.eis.controller.PrologFileController.queryFileVersion() throws java.lang.Exception
[11:16:59:667] [INFO] - org.apache.commons.logging.impl.Jdk14Logger.log(Jdk14Logger.java:99) - Mapped "{[/api/v1/eau/versionUpdate/file/download],methods=[POST],produces=[text/plain]}" onto public org.springframework.http.ResponseEntity<byte[]> com.prolog.eis.controller.PrologFileController.downloadClient(java.lang.String) throws java.lang.Exception
[11:16:59:669] [INFO] - org.apache.commons.logging.impl.Jdk14Logger.log(Jdk14Logger.java:99) - Mapped "{[/prolog/v2/api-docs],methods=[GET],produces=[application/json || application/hal+json]}" onto public org.springframework.http.ResponseEntity<springfox.documentation.spring.web.json.Json> com.prolog.framework.apidoc.PrologApiController.getDocumentation(java.lang.String,javax.servlet.http.HttpServletRequest)
[11:16:59:674] [INFO] - org.apache.commons.logging.impl.Jdk14Logger.log(Jdk14Logger.java:99) - Mapped "{[/swagger-resources/configuration/ui]}" onto public org.springframework.http.ResponseEntity<springfox.documentation.swagger.web.UiConfiguration> springfox.documentation.swagger.web.ApiResourceController.uiConfiguration()
[11:16:59:676] [INFO] - org.apache.commons.logging.impl.Jdk14Logger.log(Jdk14Logger.java:99) - Mapped "{[/swagger-resources]}" onto public org.springframework.http.ResponseEntity<java.util.List<springfox.documentation.swagger.web.SwaggerResource>> springfox.documentation.swagger.web.ApiResourceController.swaggerResources()
[11:16:59:677] [INFO] - org.apache.commons.logging.impl.Jdk14Logger.log(Jdk14Logger.java:99) - Mapped "{[/swagger-resources/configuration/security]}" onto public org.springframework.http.ResponseEntity<springfox.documentation.swagger.web.SecurityConfiguration> springfox.documentation.swagger.web.ApiResourceController.securityConfiguration()
[11:16:59:683] [INFO] - org.apache.commons.logging.impl.Jdk14Logger.log(Jdk14Logger.java:99) - Mapped "{[/error]}" onto public org.springframework.http.ResponseEntity<java.util.Map<java.lang.String, java.lang.Object>> org.springframework.boot.autoconfigure.web.servlet.error.BasicErrorController.error(javax.servlet.http.HttpServletRequest)
[11:16:59:684] [INFO] - org.apache.commons.logging.impl.Jdk14Logger.log(Jdk14Logger.java:99) - Mapped "{[/error],produces=[text/html]}" onto public org.springframework.web.servlet.ModelAndView org.springframework.boot.autoconfigure.web.servlet.error.BasicErrorController.errorHtml(javax.servlet.http.HttpServletRequest,javax.servlet.http.HttpServletResponse)
[11:16:59:897] [INFO] - org.apache.commons.logging.impl.Jdk14Logger.log(Jdk14Logger.java:99) - Initializing ExecutorService 
[11:16:59:911] [INFO] - org.apache.commons.logging.impl.Jdk14Logger.log(Jdk14Logger.java:99) - Initializing ExecutorService  'asyncServiceExecutor'
[11:17:00:376] [INFO] - org.apache.commons.logging.impl.Jdk14Logger.log(Jdk14Logger.java:99) - 

Using generated security password: bdbd7b28-a5d2-4aab-9e1f-c01129e4cb26

[11:17:00:629] [INFO] - org.apache.commons.logging.impl.Jdk14Logger.log(Jdk14Logger.java:99) - Creating filter chain: org.springframework.security.web.util.matcher.AnyRequestMatcher@1, [org.springframework.security.web.context.request.async.WebAsyncManagerIntegrationFilter@5bde57ab, org.springframework.security.web.context.SecurityContextPersistenceFilter@16d07cf3, org.springframework.security.web.header.HeaderWriterFilter@58833798, org.springframework.security.web.authentication.logout.LogoutFilter@902fdbe, org.springframework.security.web.savedrequest.RequestCacheAwareFilter@6c977dcf, org.springframework.security.web.servletapi.SecurityContextHolderAwareRequestFilter@459003a0, org.springframework.security.web.authentication.AnonymousAuthenticationFilter@ea00de, org.springframework.security.web.session.SessionManagementFilter@570ba13, org.springframework.security.web.access.ExceptionTranslationFilter@656a3d6b, org.springframework.security.web.access.intercept.FilterSecurityInterceptor@51d0ec6f]
[11:17:00:695] [WARN] - com.netflix.config.sources.URLConfigurationSource.<init>(URLConfigurationSource.java:121) - No URLs will be polled as dynamic configuration sources.
[11:17:00:697] [INFO] - com.netflix.config.sources.URLConfigurationSource.<init>(URLConfigurationSource.java:122) - To enable URLs as dynamic configuration sources, define System property archaius.configurationSource.additionalUrls or make config.properties available on classpath.
[11:17:00:706] [WARN] - com.netflix.config.sources.URLConfigurationSource.<init>(URLConfigurationSource.java:121) - No URLs will be polled as dynamic configuration sources.
[11:17:00:707] [INFO] - com.netflix.config.sources.URLConfigurationSource.<init>(URLConfigurationSource.java:122) - To enable URLs as dynamic configuration sources, define System property archaius.configurationSource.additionalUrls or make config.properties available on classpath.
[11:17:00:867] [INFO] - org.apache.commons.logging.impl.Jdk14Logger.log(Jdk14Logger.java:99) - Mapped URL path [/**/favicon.ico] onto handler of type [class org.springframework.web.servlet.resource.ResourceHttpRequestHandler]
[11:17:01:179] [INFO] - org.apache.commons.logging.impl.Jdk14Logger.log(Jdk14Logger.java:99) - Looking for @ControllerAdvice: org.springframework.boot.web.servlet.context.AnnotationConfigServletWebServerApplicationContext@4c5474f5: startup date [Wed Dec 16 11:16:55 CST 2020]; parent: org.springframework.context.annotation.AnnotationConfigApplicationContext@194bcebf
[11:17:01:274] [INFO] - org.apache.commons.logging.impl.Jdk14Logger.log(Jdk14Logger.java:99) - Mapped URL path [/webjars/**] onto handler of type [class org.springframework.web.servlet.resource.ResourceHttpRequestHandler]
[11:17:01:275] [INFO] - org.apache.commons.logging.impl.Jdk14Logger.log(Jdk14Logger.java:99) - Mapped URL path [/**] onto handler of type [class org.springframework.web.servlet.resource.ResourceHttpRequestHandler]
[11:17:01:304] [INFO] - org.apache.commons.logging.impl.Jdk14Logger.log(Jdk14Logger.java:99) - Detected @ExceptionHandler methods in globalExceptionHandler
[11:17:01:404] [INFO] - org.apache.commons.logging.impl.Jdk14Logger.log(Jdk14Logger.java:99) - Mapped URL path [/v2/api-docs] onto method [public org.springframework.http.ResponseEntity<springfox.documentation.spring.web.json.Json> springfox.documentation.swagger2.web.Swagger2Controller.getDocumentation(java.lang.String,javax.servlet.http.HttpServletRequest)]
[11:17:02:324] [INFO] - com.atomikos.logging.Slf4jLogger.logInfo(Slf4jLogger.java:28) - Loaded jar:file:/D:/%e8%bd%af%e4%bb%b6/Java/maven/repository/com/atomikos/transactions/4.0.6/transactions-4.0.6.jar!/transactions-defaults.properties
[11:17:02:330] [WARN] - com.atomikos.logging.Slf4jLogger.logWarning(Slf4jLogger.java:24) - Thanks for using Atomikos! Evaluate http://www.atomikos.com/Main/ExtremeTransactions for advanced features and professional support
or register at http://www.atomikos.com/Main/RegisterYourDownload to disable this message and receive FREE tips & advice
[11:17:02:342] [INFO] - com.atomikos.logging.Slf4jLogger.logInfo(Slf4jLogger.java:28) - USING: com.atomikos.icatch.default_max_wait_time_on_shutdown = 9223372036854775807
[11:17:02:342] [INFO] - com.atomikos.logging.Slf4jLogger.logInfo(Slf4jLogger.java:28) - USING: com.atomikos.icatch.allow_subtransactions = true
[11:17:02:343] [INFO] - com.atomikos.logging.Slf4jLogger.logInfo(Slf4jLogger.java:28) - USING: com.atomikos.icatch.recovery_delay = 10000
[11:17:02:343] [INFO] - com.atomikos.logging.Slf4jLogger.logInfo(Slf4jLogger.java:28) - USING: com.atomikos.icatch.automatic_resource_registration = true
[11:17:02:343] [INFO] - com.atomikos.logging.Slf4jLogger.logInfo(Slf4jLogger.java:28) - USING: com.atomikos.icatch.oltp_max_retries = 5
[11:17:02:343] [INFO] - com.atomikos.logging.Slf4jLogger.logInfo(Slf4jLogger.java:28) - USING: com.atomikos.icatch.client_demarcation = false
[11:17:02:344] [INFO] - com.atomikos.logging.Slf4jLogger.logInfo(Slf4jLogger.java:28) - USING: com.atomikos.icatch.threaded_2pc = false
[11:17:02:344] [INFO] - com.atomikos.logging.Slf4jLogger.logInfo(Slf4jLogger.java:28) - USING: com.atomikos.icatch.serial_jta_transactions = true
[11:17:02:344] [INFO] - com.atomikos.logging.Slf4jLogger.logInfo(Slf4jLogger.java:28) - USING: com.atomikos.icatch.log_base_dir = D:\projects\eis-jianming-parent\transaction-logs
[11:17:02:344] [INFO] - com.atomikos.logging.Slf4jLogger.logInfo(Slf4jLogger.java:28) - USING: com.atomikos.icatch.rmi_export_class = none
[11:17:02:345] [INFO] - com.atomikos.logging.Slf4jLogger.logInfo(Slf4jLogger.java:28) - USING: com.atomikos.icatch.max_actives = 50
[11:17:02:345] [INFO] - com.atomikos.logging.Slf4jLogger.logInfo(Slf4jLogger.java:28) - USING: com.atomikos.icatch.checkpoint_interval = 500
[11:17:02:345] [INFO] - com.atomikos.logging.Slf4jLogger.logInfo(Slf4jLogger.java:28) - USING: com.atomikos.icatch.enable_logging = true
[11:17:02:345] [INFO] - com.atomikos.logging.Slf4jLogger.logInfo(Slf4jLogger.java:28) - USING: com.atomikos.icatch.log_base_name = tmlog
[11:17:02:346] [INFO] - com.atomikos.logging.Slf4jLogger.logInfo(Slf4jLogger.java:28) - USING: com.atomikos.icatch.max_timeout = 300000
[11:17:02:346] [INFO] - com.atomikos.logging.Slf4jLogger.logInfo(Slf4jLogger.java:28) - USING: com.atomikos.icatch.trust_client_tm = false
[11:17:02:346] [INFO] - com.atomikos.logging.Slf4jLogger.logInfo(Slf4jLogger.java:28) - USING: java.naming.factory.initial = com.sun.jndi.rmi.registry.RegistryContextFactory
[11:17:02:346] [INFO] - com.atomikos.logging.Slf4jLogger.logInfo(Slf4jLogger.java:28) - USING: com.atomikos.icatch.tm_unique_name = 192.168.40.229.tm
[11:17:02:346] [INFO] - com.atomikos.logging.Slf4jLogger.logInfo(Slf4jLogger.java:28) - USING: com.atomikos.icatch.forget_orphaned_log_entries_delay = 86400000
[11:17:02:347] [INFO] - com.atomikos.logging.Slf4jLogger.logInfo(Slf4jLogger.java:28) - USING: com.atomikos.icatch.oltp_retry_interval = 10000
[11:17:02:347] [INFO] - com.atomikos.logging.Slf4jLogger.logInfo(Slf4jLogger.java:28) - USING: java.naming.provider.url = rmi://localhost:1099
[11:17:02:347] [INFO] - com.atomikos.logging.Slf4jLogger.logInfo(Slf4jLogger.java:28) - USING: com.atomikos.icatch.force_shutdown_on_vm_exit = false
[11:17:02:347] [INFO] - com.atomikos.logging.Slf4jLogger.logInfo(Slf4jLogger.java:28) - USING: com.atomikos.icatch.default_jta_timeout = 10000
[11:17:02:349] [INFO] - com.atomikos.logging.Slf4jLogger.logInfo(Slf4jLogger.java:28) - Using default (local) logging and recovery...
[11:17:02:413] [INFO] - com.prolog.framework.dao.config.DruidDBConfig.dataSource(DruidDBConfig.java:67) - init druid datasource finished! [jdbc:mysql://10.10.10.4:3306/qunchuang]
[11:17:02:527] [INFO] - org.apache.commons.logging.impl.Jdk14Logger.log(Jdk14Logger.java:99) - Using JTA UserTransaction: com.atomikos.icatch.jta.UserTransactionManager@852ef8d
[11:17:02:528] [INFO] - org.apache.commons.logging.impl.Jdk14Logger.log(Jdk14Logger.java:99) - Using JTA TransactionManager: com.atomikos.icatch.jta.UserTransactionManager@852ef8d
[11:17:03:831] [INFO] - org.apache.commons.logging.impl.Jdk14Logger.log(Jdk14Logger.java:99) - Registering beans for JMX exposure on startup
[11:17:03:847] [INFO] - org.apache.commons.logging.impl.Jdk14Logger.log(Jdk14Logger.java:99) - Bean with name 'rabbitConnectionFactory' has been autodetected for JMX exposure
[11:17:03:849] [INFO] - org.apache.commons.logging.impl.Jdk14Logger.log(Jdk14Logger.java:99) - Bean with name 'refreshScope' has been autodetected for JMX exposure
[11:17:03:850] [INFO] - org.apache.commons.logging.impl.Jdk14Logger.log(Jdk14Logger.java:99) - Bean with name 'configurationPropertiesRebinder' has been autodetected for JMX exposure
[11:17:03:851] [INFO] - org.apache.commons.logging.impl.Jdk14Logger.log(Jdk14Logger.java:99) - Bean with name 'environmentManager' has been autodetected for JMX exposure
[11:17:03:856] [INFO] - org.apache.commons.logging.impl.Jdk14Logger.log(Jdk14Logger.java:99) - Located managed bean 'environmentManager': registering with JMX server as MBean [org.springframework.cloud.context.environment:name=environmentManager,type=EnvironmentManager]
[11:17:03:875] [INFO] - org.apache.commons.logging.impl.Jdk14Logger.log(Jdk14Logger.java:99) - Located managed bean 'refreshScope': registering with JMX server as MBean [org.springframework.cloud.context.scope.refresh:name=refreshScope,type=RefreshScope]
[11:17:03:891] [INFO] - org.apache.commons.logging.impl.Jdk14Logger.log(Jdk14Logger.java:99) - Located managed bean 'configurationPropertiesRebinder': registering with JMX server as MBean [org.springframework.cloud.context.properties:name=configurationPropertiesRebinder,context=4c5474f5,type=ConfigurationPropertiesRebinder]
[11:17:03:900] [INFO] - org.apache.commons.logging.impl.Jdk14Logger.log(Jdk14Logger.java:99) - Located managed bean 'rabbitConnectionFactory': registering with JMX server as MBean [org.springframework.amqp.rabbit.connection:name=rabbitConnectionFactory,type=CachingConnectionFactory]
[11:17:03:924] [INFO] - org.apache.commons.logging.impl.Jdk14Logger.log(Jdk14Logger.java:99) - Starting beans in phase 2147483547
[11:17:03:925] [INFO] - org.apache.commons.logging.impl.Jdk14Logger.log(Jdk14Logger.java:99) - Starting beans in phase 2147483647
[11:17:03:926] [INFO] - springfox.documentation.spring.web.plugins.DocumentationPluginsBootstrapper.start(DocumentationPluginsBootstrapper.java:151) - Context refreshed
[11:17:03:964] [INFO] - springfox.documentation.spring.web.plugins.DocumentationPluginsBootstrapper.start(DocumentationPluginsBootstrapper.java:154) - Found 1 custom documentation plugin(s)
[11:17:04:005] [INFO] - springfox.documentation.spring.web.scanners.ApiListingReferenceScanner.scan(ApiListingReferenceScanner.java:41) - Scanning for api listing references
[11:17:04:250] [INFO] - org.apache.juli.logging.DirectJDKLog.log(DirectJDKLog.java:180) - Starting ProtocolHandler ["http-nio-19901"]
[11:17:04:269] [INFO] - org.apache.juli.logging.DirectJDKLog.log(DirectJDKLog.java:180) - Using a shared selector for servlet write/read
[11:17:04:294] [INFO] - org.apache.commons.logging.impl.Jdk14Logger.log(Jdk14Logger.java:99) - Tomcat started on port(s): 19901 (http) with context path ''
[11:17:04:300] [INFO] - org.apache.commons.logging.impl.Jdk14Logger.log(Jdk14Logger.java:99) - Started Application in 12.057 seconds (JVM running for 13.9)
